  Graph.cpp
C:\Program Files\Microsoft Visual Studio\2022\Enterprise\VC\Tools\MSVC\14.35.32215\include\filesystem(13): warning STL4038: The contents of <filesystem> are available only with C++17 or later.
D:\Semester\SNA-Social Networks and their Analysis\Practical\Project\Graph\Graph\Graph.cpp(144,51): warning C4244: '+=': conversion from 'double' to '_Ty2', possible loss of data
          with
          [
              _Ty2=int
          ]
D:\Semester\SNA-Social Networks and their Analysis\Practical\Project\Graph\Graph\Graph.cpp(146,52): warning C4244: '=': conversion from 'double' to 'int', possible loss of data
D:\Semester\SNA-Social Networks and their Analysis\Practical\Project\Graph\Graph\Graph.cpp(173,43): warning C4244: '+=': conversion from 'double' to '_Ty2', possible loss of data
          with
          [
              _Ty2=int
          ]
D:\Semester\SNA-Social Networks and their Analysis\Practical\Project\Graph\Graph\Graph.cpp(175,44): warning C4244: '=': conversion from 'double' to 'int', possible loss of data
D:\Semester\SNA-Social Networks and their Analysis\Practical\Project\Graph\Graph\Graph.cpp(261,35): warning C4244: '+=': conversion from 'double' to '_Ty2', possible loss of data
          with
          [
              _Ty2=int
          ]
D:\Semester\SNA-Social Networks and their Analysis\Practical\Project\Graph\Graph\Graph.cpp(263,36): warning C4244: '=': conversion from 'double' to 'int', possible loss of data
D:\Semester\SNA-Social Networks and their Analysis\Practical\Project\Graph\Graph\Graph.cpp(268,39): warning C4244: '+=': conversion from 'double' to '_Ty2', possible loss of data
          with
          [
              _Ty2=int
          ]
D:\Semester\SNA-Social Networks and their Analysis\Practical\Project\Graph\Graph\Graph.cpp(270,40): warning C4244: '=': conversion from 'double' to 'int', possible loss of data
D:\Semester\SNA-Social Networks and their Analysis\Practical\Project\Graph\Graph\Graph.cpp(276,39): warning C4244: '+=': conversion from 'double' to '_Ty2', possible loss of data
          with
          [
              _Ty2=int
          ]
  Generating code
  91 of 603 functions (15.1%) were compiled, the rest were copied from previous compilation.
    55 functions were new in current compilation
    67 functions had inline decision re-evaluated but remain unchanged
  Finished generating code
  Graph.vcxproj -> D:\Semester\SNA-Social Networks and their Analysis\Practical\Project\Graph\x64\Release\Graph.exe
